2025-06-11 20:12:53,910 [INFO] SecurityManager._load_security_policy 실행 시간: 0.0001초
2025-06-11 20:12:53,911 [INFO] 테스트 시작: TestSecurityManager
2025-06-11 20:12:53,911 [INFO] 테스트 실행: test_audit_log_clearing
2025-06-11 20:12:53,911 [INFO] SecurityManager.audit_action 실행 시간: 0.0003초
2025-06-11 20:12:53,911 [INFO] SecurityManager.clear_audit_log 실행 시간: 0.0001초
2025-06-11 20:12:53,912 [INFO] SecurityManager.get_audit_log 실행 시간: 0.0000초
2025-06-11 20:12:53,912 [INFO] 테스트 종료: TestSecurityManager
2025-06-11 20:12:53,912 [INFO] SecurityManager._load_security_policy 실행 시간: 0.0000초
2025-06-11 20:12:53,912 [INFO] 테스트 시작: TestSecurityManager
2025-06-11 20:12:53,912 [INFO] 테스트 실행: test_audit_logging
2025-06-11 20:12:53,912 [INFO] SecurityManager.audit_action 실행 시간: 0.0003초
2025-06-11 20:12:53,912 [INFO] SecurityManager.get_audit_log 실행 시간: 0.0000초
2025-06-11 20:12:53,913 [INFO] 테스트 종료: TestSecurityManager
2025-06-11 20:12:53,913 [INFO] SecurityManager._load_security_policy 실행 시간: 0.0000초
2025-06-11 20:12:53,913 [INFO] 테스트 시작: TestSecurityManager
2025-06-11 20:12:53,913 [INFO] 테스트 실행: test_default_policy_creation
2025-06-11 20:12:53,913 [INFO] 테스트 종료: TestSecurityManager
2025-06-11 20:12:53,913 [INFO] SecurityManager._load_security_policy 실행 시간: 0.0001초
2025-06-11 20:12:53,914 [INFO] 테스트 시작: TestSecurityManager
2025-06-11 20:12:53,914 [INFO] 테스트 실행: test_process_security
2025-06-11 20:12:55,163 [INFO] SecurityManager.check_process_security 실행 시간: 1.2494초
2025-06-11 20:12:55,164 [INFO] SecurityManager.check_process_security 실행 시간: 0.0002초
2025-06-11 20:12:55,164 [INFO] 테스트 종료: TestSecurityManager
2025-06-11 20:12:55,164 [INFO] SecurityManager._load_security_policy 실행 시간: 0.0001초
2025-06-11 20:12:55,165 [INFO] 테스트 시작: TestSecurityManager
2025-06-11 20:12:55,165 [INFO] 테스트 실행: test_registry_pattern_matching
2025-06-11 20:12:55,165 [INFO] 테스트 종료: TestSecurityManager
2025-06-11 20:12:55,165 [INFO] SecurityManager._load_security_policy 실행 시간: 0.0000초
2025-06-11 20:12:55,165 [INFO] 테스트 시작: TestSecurityManager
2025-06-11 20:12:55,165 [INFO] 테스트 실행: test_registry_security
2025-06-11 20:12:55,165 [INFO] SecurityManager.check_registry_security 실행 시간: 0.0001초
2025-06-11 20:12:55,165 [INFO] SecurityManager.check_registry_security 실행 시간: 0.0000초
2025-06-11 20:12:55,165 [INFO] 테스트 종료: TestSecurityManager
2025-06-11 20:12:55,166 [INFO] SecurityManager._load_security_policy 실행 시간: 0.0000초
2025-06-11 20:12:55,166 [INFO] 테스트 시작: TestSecurityManager
2025-06-11 20:12:55,166 [INFO] 테스트 실행: test_remote_session_detection
2025-06-11 20:12:55,166 [INFO] 테스트 종료: TestSecurityManager
2025-06-11 20:12:55,166 [INFO] SecurityManager._load_security_policy 실행 시간: 0.0000초
2025-06-11 20:12:55,167 [INFO] 테스트 시작: TestSecurityManager
2025-06-11 20:12:55,167 [INFO] 테스트 실행: test_required_privileges
2025-06-11 20:12:55,167 [INFO] SecurityManager.check_required_privileges 실행 시간: 0.0001초
2025-06-11 20:12:55,167 [INFO] 테스트 종료: TestSecurityManager
2025-06-11 20:12:55,167 [INFO] SecurityManager._load_security_policy 실행 시간: 0.0000초
2025-06-11 20:12:55,167 [INFO] 테스트 시작: TestSecurityManager
2025-06-11 20:12:55,167 [INFO] 테스트 실행: test_security_policy_loading
2025-06-11 20:12:55,167 [INFO] SecurityManager._load_security_policy 실행 시간: 0.0000초
2025-06-11 20:12:55,167 [INFO] 테스트 종료: TestSecurityManager
