2025-06-11 20:25:02,691 [INFO] SecurityManager._load_security_policy execution time: 0.0001 seconds
2025-06-11 20:25:02,692 [INFO] Test started: TestSecurityManager
2025-06-11 20:25:02,692 [INFO] Running test: test_audit_log_clearing
2025-06-11 20:25:02,692 [INFO] SecurityManager.audit_action execution time: 0.0003 seconds
2025-06-11 20:25:02,693 [INFO] SecurityManager.clear_audit_log execution time: 0.0001 seconds
2025-06-11 20:25:02,693 [INFO] SecurityManager.get_audit_log execution time: 0.0000 seconds
2025-06-11 20:25:02,693 [INFO] Test finished: TestSecurityManager
2025-06-11 20:25:02,693 [INFO] SecurityManager._load_security_policy execution time: 0.0001 seconds
2025-06-11 20:25:02,694 [INFO] Test started: TestSecurityManager
2025-06-11 20:25:02,694 [INFO] Running test: test_audit_logging
2025-06-11 20:25:02,695 [INFO] SecurityManager.audit_action execution time: 0.0007 seconds
2025-06-11 20:25:02,695 [INFO] SecurityManager.get_audit_log execution time: 0.0000 seconds
2025-06-11 20:25:02,695 [INFO] Test finished: TestSecurityManager
2025-06-11 20:25:02,695 [INFO] SecurityManager._load_security_policy execution time: 0.0001 seconds
2025-06-11 20:25:02,695 [INFO] Test started: TestSecurityManager
2025-06-11 20:25:02,695 [INFO] Running test: test_default_policy_creation
2025-06-11 20:25:02,696 [INFO] Test finished: TestSecurityManager
2025-06-11 20:25:02,696 [INFO] SecurityManager._load_security_policy execution time: 0.0000 seconds
2025-06-11 20:25:02,696 [INFO] Test started: TestSecurityManager
2025-06-11 20:25:02,696 [INFO] Running test: test_process_security
2025-06-11 20:25:03,750 [INFO] SecurityManager.check_process_security execution time: 1.0547 seconds
2025-06-11 20:25:03,750 [INFO] SecurityManager.check_process_security execution time: 0.0001 seconds
2025-06-11 20:25:03,750 [INFO] Test finished: TestSecurityManager
2025-06-11 20:25:03,751 [INFO] SecurityManager._load_security_policy execution time: 0.0001 seconds
2025-06-11 20:25:03,751 [INFO] Test started: TestSecurityManager
2025-06-11 20:25:03,751 [INFO] Running test: test_registry_pattern_matching
2025-06-11 20:25:03,751 [INFO] Test finished: TestSecurityManager
2025-06-11 20:25:03,751 [INFO] SecurityManager._load_security_policy execution time: 0.0000 seconds
2025-06-11 20:25:03,752 [INFO] Test started: TestSecurityManager
2025-06-11 20:25:03,752 [INFO] Running test: test_registry_security
2025-06-11 20:25:03,752 [INFO] SecurityManager.check_registry_security execution time: 0.0001 seconds
2025-06-11 20:25:03,752 [INFO] SecurityManager.check_registry_security execution time: 0.0000 seconds
2025-06-11 20:25:03,752 [INFO] Test finished: TestSecurityManager
2025-06-11 20:25:03,752 [INFO] SecurityManager._load_security_policy execution time: 0.0001 seconds
2025-06-11 20:25:03,752 [INFO] Test started: TestSecurityManager
2025-06-11 20:25:03,752 [INFO] Running test: test_remote_session_detection
2025-06-11 20:25:03,753 [INFO] Test finished: TestSecurityManager
2025-06-11 20:25:03,753 [INFO] SecurityManager._load_security_policy execution time: 0.0001 seconds
2025-06-11 20:25:03,753 [INFO] Test started: TestSecurityManager
2025-06-11 20:25:03,753 [INFO] Running test: test_required_privileges
2025-06-11 20:25:03,754 [INFO] SecurityManager.check_required_privileges execution time: 0.0001 seconds
2025-06-11 20:25:03,754 [INFO] Test finished: TestSecurityManager
2025-06-11 20:25:03,754 [INFO] SecurityManager._load_security_policy execution time: 0.0000 seconds
2025-06-11 20:25:03,754 [INFO] Test started: TestSecurityManager
2025-06-11 20:25:03,754 [INFO] Running test: test_security_policy_loading
2025-06-11 20:25:03,754 [INFO] SecurityManager._load_security_policy execution time: 0.0000 seconds
2025-06-11 20:25:03,754 [INFO] Test finished: TestSecurityManager
